\BOOKMARK [0][-]{chapter.1}{\376\377\000A\000n\000a\000l\000i\000s\000i}{}% 1
\BOOKMARK [1][-]{section.1.1}{\376\377\000D\000e\000s\000c\000r\000i\000z\000i\000o\000n\000e\000\040\000e\000\040\000r\000e\000q\000u\000i\000s\000i\000t\000i}{chapter.1}% 2
\BOOKMARK [1][-]{section.1.2}{\376\377\000M\000o\000d\000e\000l\000l\000o\000\040\000d\000e\000l\000\040\000D\000o\000m\000i\000n\000i\000o}{chapter.1}% 3
\BOOKMARK [0][-]{chapter.2}{\376\377\000D\000e\000s\000i\000g\000n}{}% 4
\BOOKMARK [1][-]{section.2.1}{\376\377\000A\000r\000c\000h\000i\000t\000e\000t\000t\000u\000r\000a}{chapter.2}% 5
\BOOKMARK [1][-]{section.2.2}{\376\377\000D\000e\000s\000i\000g\000n\000\040\000d\000e\000t\000t\000a\000g\000l\000i\000a\000t\000o}{chapter.2}% 6
\BOOKMARK [2][-]{subsection.2.2.1}{\376\377\000S\000o\000p\000h\000y\000\040\000M\000e\000r\000c\000u\000r\000i}{section.2.2}% 7
\BOOKMARK [2][-]{subsection.2.2.2}{\376\377\000S\000h\000u\000y\000i\000\040\000Z\000h\000a\000n\000g}{section.2.2}% 8
\BOOKMARK [2][-]{subsection.2.2.3}{\376\377\000A\000n\000t\000o\000n\000i\000o\000\040\000S\000c\000h\000a\000r\000m\000u\000l\000l\000e\000r}{section.2.2}% 9
\BOOKMARK [2][-]{subsection.2.2.4}{\376\377\000C\000h\000i\000a\000r\000a\000\040\000E\000m\000i\000n\000a}{section.2.2}% 10
\BOOKMARK [0][-]{chapter.3}{\376\377\000S\000v\000i\000l\000u\000p\000p\000o}{}% 11
\BOOKMARK [1][-]{section.3.1}{\376\377\000T\000e\000s\000t\000i\000n\000g\000\040\000a\000u\000t\000o\000m\000a\000t\000i\000z\000z\000a\000t\000o}{chapter.3}% 12
\BOOKMARK [2][-]{subsection.3.1.1}{\376\377\000S\000o\000p\000h\000y\000\040\000M\000e\000r\000c\000u\000r\000i}{section.3.1}% 13
\BOOKMARK [2][-]{subsection.3.1.2}{\376\377\000S\000h\000u\000y\000i\000\040\000Z\000h\000a\000n\000g}{section.3.1}% 14
\BOOKMARK [2][-]{subsection.3.1.3}{\376\377\000A\000n\000t\000o\000n\000i\000o\000\040\000S\000c\000h\000a\000r\000m\000u\000l\000l\000e\000r}{section.3.1}% 15
\BOOKMARK [2][-]{subsection.3.1.4}{\376\377\000C\000h\000i\000a\000r\000a\000\040\000E\000m\000i\000n\000a}{section.3.1}% 16
\BOOKMARK [1][-]{section.3.2}{\376\377\000N\000o\000t\000e\000\040\000d\000i\000\040\000s\000v\000i\000l\000u\000p\000p\000o}{chapter.3}% 17
\BOOKMARK [2][-]{subsection.3.2.1}{\376\377\000S\000o\000p\000h\000y\000\040\000M\000e\000r\000c\000u\000r\000i}{section.3.2}% 18
\BOOKMARK [2][-]{subsection.3.2.2}{\376\377\000S\000h\000u\000y\000i\000\040\000Z\000h\000a\000n\000g}{section.3.2}% 19
\BOOKMARK [2][-]{subsection.3.2.3}{\376\377\000A\000n\000t\000o\000n\000i\000o\000\040\000S\000c\000h\000a\000r\000m\000u\000l\000l\000e\000r}{section.3.2}% 20
\BOOKMARK [2][-]{subsection.3.2.4}{\376\377\000C\000h\000i\000a\000r\000a\000\040\000E\000m\000i\000n\000a}{section.3.2}% 21
\BOOKMARK [0][-]{chapter.4}{\376\377\000C\000o\000m\000m\000e\000n\000t\000i\000\040\000f\000i\000n\000a\000l\000i}{}% 22
\BOOKMARK [1][-]{section.4.1}{\376\377\000A\000u\000t\000o\000v\000a\000l\000u\000t\000a\000z\000i\000o\000n\000e\000\040\000e\000\040\000l\000a\000v\000o\000r\000i\000\040\000f\000u\000t\000u\000r\000i}{chapter.4}% 23
\BOOKMARK [2][-]{subsection.4.1.1}{\376\377\000S\000o\000p\000h\000y\000\040\000M\000e\000r\000c\000u\000r\000i}{section.4.1}% 24
\BOOKMARK [2][-]{subsection.4.1.2}{\376\377\000S\000h\000u\000y\000i\000\040\000Z\000h\000a\000n\000g}{section.4.1}% 25
\BOOKMARK [2][-]{subsection.4.1.3}{\376\377\000A\000n\000t\000o\000n\000i\000o\000\040\000S\000c\000h\000a\000r\000m\000u\000l\000l\000e\000r}{section.4.1}% 26
\BOOKMARK [2][-]{subsection.4.1.4}{\376\377\000C\000h\000i\000a\000r\000a\000\040\000E\000m\000i\000n\000a}{section.4.1}% 27
\BOOKMARK [1][-]{section.4.2}{\376\377\000D\000i\000f\000f\000i\000c\000o\000l\000t\000\340\000\040\000i\000n\000c\000o\000n\000t\000r\000a\000t\000e\000\040\000e\000\040\000c\000o\000m\000m\000e\000n\000t\000i\000\040\000p\000e\000r\000\040\000i\000\040\000d\000o\000c\000e\000n\000t\000i}{chapter.4}% 28
\BOOKMARK [2][-]{subsection.4.2.1}{\376\377\000S\000o\000p\000h\000y\000\040\000M\000e\000r\000c\000u\000r\000i}{section.4.2}% 29
\BOOKMARK [2][-]{subsection.4.2.2}{\376\377\000S\000h\000u\000y\000i\000\040\000Z\000h\000a\000n\000g}{section.4.2}% 30
\BOOKMARK [2][-]{subsection.4.2.3}{\376\377\000A\000n\000t\000o\000n\000i\000o\000\040\000S\000c\000h\000a\000r\000m\000u\000l\000l\000e\000r}{section.4.2}% 31
\BOOKMARK [2][-]{subsection.4.2.4}{\376\377\000C\000h\000i\000a\000r\000a\000\040\000E\000m\000i\000n\000a}{section.4.2}% 32
\BOOKMARK [0][-]{appendix.Alph1}{\376\377\000G\000u\000i\000d\000a\000\040\000u\000t\000e\000n\000t\000e}{}% 33
\BOOKMARK [0][-]{appendix.Alph2}{\376\377\000E\000s\000e\000r\000c\000i\000t\000a\000z\000i\000o\000n\000i\000\040\000d\000i\000\040\000l\000a\000b\000o\000r\000a\000t\000o\000r\000i\000o}{}% 34
\BOOKMARK [1][-]{subsection.Alph2.0.1}{\376\377\000c\000h\000i\000a\000r\000a\000.\000e\000m\000i\000n\000a\000@\000s\000t\000u\000d\000i\000o\000.\000u\000n\000i\000b\000o\000.\000i\000t}{appendix.Alph2}% 35
